<?xml version="1.0" encoding="UTF-8"?>
<testsuite name="jpabook.jpashop.MemberRepositoryTest" tests="1" skipped="0" failures="0" errors="0" timestamp="2023-04-08T08:56:12" hostname="DESKTOP-4QVGHR7" time="0.491">
  <properties/>
  <testcase name="memberSaveTest()" classname="jpabook.jpashop.MemberRepositoryTest" time="0.491"/>
  <system-out><![CDATA[17:56:06.713 [Test worker] DEBUG org.springframework.test.context.BootstrapUtils - Instantiating CacheAwareContextLoaderDelegate from class [org.springframework.test.context.cache.DefaultCacheAwareContextLoaderDelegate]
17:56:06.727 [Test worker] DEBUG org.springframework.test.context.BootstrapUtils - Instantiating BootstrapContext using constructor [public org.springframework.test.context.support.DefaultBootstrapContext(java.lang.Class,org.springframework.test.context.CacheAwareContextLoaderDelegate)]
17:56:06.767 [Test worker] DEBUG org.springframework.test.context.BootstrapUtils - Instantiating TestContextBootstrapper for test class [jpabook.jpashop.MemberRepositoryTest] from class [org.springframework.boot.test.context.SpringBootTestContextBootstrapper]
17:56:06.780 [Test worker] INFO org.springframework.boot.test.context.SpringBootTestContextBootstrapper - Neither @ContextConfiguration nor @ContextHierarchy found for test class [jpabook.jpashop.MemberRepositoryTest], using SpringBootContextLoader
17:56:06.784 [Test worker] DEBUG org.springframework.test.context.support.AbstractContextLoader - Did not detect default resource location for test class [jpabook.jpashop.MemberRepositoryTest]: class path resource [jpabook/jpashop/MemberRepositoryTest-context.xml] does not exist
17:56:06.785 [Test worker] DEBUG org.springframework.test.context.support.AbstractContextLoader - Did not detect default resource location for test class [jpabook.jpashop.MemberRepositoryTest]: class path resource [jpabook/jpashop/MemberRepositoryTestContext.groovy] does not exist
17:56:06.786 [Test worker] INFO org.springframework.test.context.support.AbstractContextLoader - Could not detect default resource locations for test class [jpabook.jpashop.MemberRepositoryTest]: no resource found for suffixes {-context.xml, Context.groovy}.
17:56:06.786 [Test worker] INFO org.springframework.test.context.support.AnnotationConfigContextLoaderUtils - Could not detect default configuration classes for test class [jpabook.jpashop.MemberRepositoryTest]: MemberRepositoryTest does not declare any static, non-private, non-final, nested classes annotated with @Configuration.
17:56:06.841 [Test worker] DEBUG org.springframework.test.context.support.ActiveProfilesUtils - Could not find an 'annotation declaring class' for annotation type [org.springframework.test.context.ActiveProfiles] and class [jpabook.jpashop.MemberRepositoryTest]
17:56:06.915 [Test worker] DEBUG org.springframework.context.annotation.ClassPathScanningCandidateComponentProvider - Identified candidate component class: file [C:\GB_0900_KMG\spring_side_project\jpashop\build\classes\java\main\jpabook\jpashop\JpashopApplication.class]
17:56:06.921 [Test worker] INFO org.springframework.boot.test.context.SpringBootTestContextBootstrapper - Found @SpringBootConfiguration jpabook.jpashop.JpashopApplication for test class jpabook.jpashop.MemberRepositoryTest
17:56:07.073 [Test worker] DEBUG org.springframework.boot.test.context.SpringBootTestContextBootstrapper - @TestExecutionListeners is not present for class [jpabook.jpashop.MemberRepositoryTest]: using defaults.
17:56:07.073 [Test worker] INFO org.springframework.boot.test.context.SpringBootTestContextBootstrapper - Loaded default TestExecutionListener class names from location [META-INF/spring.factories]: [org.springframework.boot.test.autoconfigure.restdocs.RestDocsTestExecutionListener, org.springframework.boot.test.autoconfigure.web.client.MockRestServiceServerResetTestExecutionListener, org.springframework.boot.test.autoconfigure.web.servlet.MockMvcPrintOnlyOnFailureTestExecutionListener, org.springframework.boot.test.autoconfigure.web.servlet.WebDriverTestExecutionListener, org.springframework.boot.test.autoconfigure.webservices.client.MockWebServiceServerTestExecutionListener, org.springframework.boot.test.mock.mockito.MockitoTestExecutionListener, org.springframework.boot.test.mock.mockito.ResetMocksTestExecutionListener, org.springframework.test.context.web.ServletTestExecutionListener, org.springframework.test.context.support.DirtiesContextBeforeModesTestExecutionListener, org.springframework.test.context.event.ApplicationEventsTestExecutionListener, org.springframework.test.context.support.DependencyInjectionTestExecutionListener, org.springframework.test.context.support.DirtiesContextTestExecutionListener, org.springframework.test.context.transaction.TransactionalTestExecutionListener, org.springframework.test.context.jdbc.SqlScriptsTestExecutionListener, org.springframework.test.context.event.EventPublishingTestExecutionListener]
17:56:07.095 [Test worker] INFO org.springframework.boot.test.context.SpringBootTestContextBootstrapper - Using TestExecutionListeners: [org.springframework.test.context.web.ServletTestExecutionListener@1cefc4b3, org.springframework.test.context.support.DirtiesContextBeforeModesTestExecutionListener@2b27cc70, org.springframework.test.context.event.ApplicationEventsTestExecutionListener@6f6a7463, org.springframework.boot.test.mock.mockito.MockitoTestExecutionListener@1bdaa23d, org.springframework.boot.test.autoconfigure.SpringBootDependencyInjectionTestExecutionListener@79f227a9, org.springframework.test.context.support.DirtiesContextTestExecutionListener@6ca320ab, org.springframework.test.context.transaction.TransactionalTestExecutionListener@50d68830, org.springframework.test.context.jdbc.SqlScriptsTestExecutionListener@1e53135d, org.springframework.test.context.event.EventPublishingTestExecutionListener@7674a051, org.springframework.boot.test.autoconfigure.restdocs.RestDocsTestExecutionListener@3a7704c, org.springframework.boot.test.autoconfigure.web.client.MockRestServiceServerResetTestExecutionListener@6754ef00, org.springframework.boot.test.autoconfigure.web.servlet.MockMvcPrintOnlyOnFailureTestExecutionListener@619bd14c, org.springframework.boot.test.autoconfigure.web.servlet.WebDriverTestExecutionListener@323e8306, org.springframework.boot.test.autoconfigure.webservices.client.MockWebServiceServerTestExecutionListener@a23a01d, org.springframework.boot.test.mock.mockito.ResetMocksTestExecutionListener@4acf72b6]
17:56:07.100 [Test worker] DEBUG org.springframework.test.context.support.AbstractDirtiesContextTestExecutionListener - Before test class: context [DefaultTestContext@26f143ed testClass = MemberRepositoryTest, testInstance = [null], testMethod = [null], testException = [null], mergedContextConfiguration = [WebMergedContextConfiguration@3c1e3314 testClass = MemberRepositoryTest, locations = '{}', classes = '{class jpabook.jpashop.JpashopApplication}', contextInitializerClasses = '[]', activeProfiles = '{}', propertySourceLocations = '{}', propertySourceProperties = '{org.springframework.boot.test.context.SpringBootTestContextBootstrapper=true}', contextCustomizers = set[org.springframework.boot.test.autoconfigure.actuate.metrics.MetricsExportContextCustomizerFactory$DisableMetricExportContextCustomizer@10993713, org.springframework.boot.test.autoconfigure.properties.PropertyMappingContextCustomizer@0, org.springframework.boot.test.autoconfigure.web.servlet.WebDriverContextCustomizerFactory$Customizer@5974109, org.springframework.boot.test.context.filter.ExcludeFilterContextCustomizer@75c9e76b, org.springframework.boot.test.json.DuplicateJsonObjectContextCustomizerFactory$DuplicateJsonObjectContextCustomizer@37b70343, org.springframework.boot.test.mock.mockito.MockitoContextCustomizer@0, org.springframework.boot.test.web.client.TestRestTemplateContextCustomizer@61884cb1, org.springframework.boot.test.context.SpringBootTestArgs@1, org.springframework.boot.test.context.SpringBootTestWebEnvironment@5f20155b], resourceBasePath = 'src/main/webapp', contextLoader = 'org.springframework.boot.test.context.SpringBootContextLoader', parent = [null]], attributes = map['org.springframework.test.context.web.ServletTestExecutionListener.activateListener' -> true]], class annotated with @DirtiesContext [false] with mode [null].

  .   ____          _            __ _ _
 /\\ / ___'_ __ _ _(_)_ __  __ _ \ \ \ \
( ( )\___ | '_ | '_| | '_ \/ _` | \ \ \ \
 \\/  ___)| |_)| | | | | || (_| |  ) ) ) )
  '  |____| .__|_| |_|_| |_\__, | / / / /
 =========|_|==============|___/=/_/_/_/
 :: Spring Boot ::               (v2.7.10)

2023-04-08 17:56:07.636  INFO 19432 --- [    Test worker] jpabook.jpashop.MemberRepositoryTest     : Starting MemberRepositoryTest using Java 11.0.12 on DESKTOP-4QVGHR7 with PID 19432 (started by rkdal in C:\GB_0900_KMG\spring_side_project\jpashop)
2023-04-08 17:56:07.638  INFO 19432 --- [    Test worker] jpabook.jpashop.MemberRepositoryTest     : No active profile set, falling back to 1 default profile: "default"
2023-04-08 17:56:08.555  INFO 19432 --- [    Test worker] .s.d.r.c.RepositoryConfigurationDelegate : Bootstrapping Spring Data JPA repositories in DEFAULT mode.
2023-04-08 17:56:08.578  INFO 19432 --- [    Test worker] .s.d.r.c.RepositoryConfigurationDelegate : Finished Spring Data repository scanning in 7 ms. Found 0 JPA repository interfaces.
2023-04-08 17:56:09.570  INFO 19432 --- [    Test worker] o.hibernate.jpa.internal.util.LogHelper  : HHH000204: Processing PersistenceUnitInfo [name: default]
2023-04-08 17:56:09.668  INFO 19432 --- [    Test worker] org.hibernate.Version                    : HHH000412: Hibernate ORM core version 5.6.15.Final
2023-04-08 17:56:09.950  INFO 19432 --- [    Test worker] o.hibernate.annotations.common.Version   : HCANN000001: Hibernate Commons Annotations {5.1.2.Final}
2023-04-08 17:56:10.118  INFO 19432 --- [    Test worker] com.zaxxer.hikari.HikariDataSource       : HikariPool-1 - Starting...
2023-04-08 17:56:10.549  INFO 19432 --- [    Test worker] com.zaxxer.hikari.HikariDataSource       : HikariPool-1 - Start completed.
2023-04-08 17:56:10.603  INFO 19432 --- [    Test worker] org.hibernate.dialect.Dialect            : HHH000400: Using dialect: org.hibernate.dialect.MySQL8Dialect
2023-04-08 17:56:11.457 DEBUG 19432 --- [    Test worker] org.hibernate.SQL                        : 
    
    drop table if exists member
2023-04-08 17:56:11.494  INFO 19432 --- [    Test worker] p6spy                                    : #1680944171494 | took 28ms | statement | connection 1| url jdbc:mysql://localhost:3306/jpashop

    drop table if exists member

    drop table if exists member;
2023-04-08 17:56:11.498 DEBUG 19432 --- [    Test worker] org.hibernate.SQL                        : 
    
    create table member (
       id bigint not null auto_increment,
        user_name varchar(255),
        primary key (id)
    ) engine=InnoDB
2023-04-08 17:56:11.522  INFO 19432 --- [    Test worker] p6spy                                    : #1680944171522 | took 22ms | statement | connection 2| url jdbc:mysql://localhost:3306/jpashop

    create table member (
       id bigint not null auto_increment,
        user_name varchar(255),
        primary key (id)
    ) engine=InnoDB

    create table member (
       id bigint not null auto_increment,
        user_name varchar(255),
        primary key (id)
    ) engine=InnoDB;
2023-04-08 17:56:11.524  INFO 19432 --- [    Test worker] o.h.e.t.j.p.i.JtaPlatformInitiator       : HHH000490: Using JtaPlatform implementation: [org.hibernate.engine.transaction.jta.platform.internal.NoJtaPlatform]
2023-04-08 17:56:11.540  INFO 19432 --- [    Test worker] j.LocalContainerEntityManagerFactoryBean : Initialized JPA EntityManagerFactory for persistence unit 'default'
2023-04-08 17:56:11.851  WARN 19432 --- [    Test worker] JpaBaseConfiguration$JpaWebConfiguration : spring.jpa.open-in-view is enabled by default. Therefore, database queries may be performed during view rendering. Explicitly configure spring.jpa.open-in-view to disable this warning
2023-04-08 17:56:12.878  INFO 19432 --- [    Test worker] jpabook.jpashop.MemberRepositoryTest     : Started MemberRepositoryTest in 5.732 seconds (JVM running for 7.404)
2023-04-08 17:56:13.015  INFO 19432 --- [    Test worker] o.s.t.c.transaction.TransactionContext   : Began transaction (1) for test context [DefaultTestContext@26f143ed testClass = MemberRepositoryTest, testInstance = jpabook.jpashop.MemberRepositoryTest@4c89c98a, testMethod = memberSaveTest@MemberRepositoryTest, testException = [null], mergedContextConfiguration = [WebMergedContextConfiguration@3c1e3314 testClass = MemberRepositoryTest, locations = '{}', classes = '{class jpabook.jpashop.JpashopApplication}', contextInitializerClasses = '[]', activeProfiles = '{}', propertySourceLocations = '{}', propertySourceProperties = '{org.springframework.boot.test.context.SpringBootTestContextBootstrapper=true}', contextCustomizers = set[org.springframework.boot.test.autoconfigure.actuate.metrics.MetricsExportContextCustomizerFactory$DisableMetricExportContextCustomizer@10993713, org.springframework.boot.test.autoconfigure.properties.PropertyMappingContextCustomizer@0, org.springframework.boot.test.autoconfigure.web.servlet.WebDriverContextCustomizerFactory$Customizer@5974109, org.springframework.boot.test.context.filter.ExcludeFilterContextCustomizer@75c9e76b, org.springframework.boot.test.json.DuplicateJsonObjectContextCustomizerFactory$DuplicateJsonObjectContextCustomizer@37b70343, org.springframework.boot.test.mock.mockito.MockitoContextCustomizer@0, org.springframework.boot.test.web.client.TestRestTemplateContextCustomizer@61884cb1, org.springframework.boot.test.context.SpringBootTestArgs@1, org.springframework.boot.test.context.SpringBootTestWebEnvironment@5f20155b], resourceBasePath = 'src/main/webapp', contextLoader = 'org.springframework.boot.test.context.SpringBootContextLoader', parent = [null]], attributes = map['org.springframework.test.context.web.ServletTestExecutionListener.activateListener' -> true, 'org.springframework.test.context.web.ServletTestExecutionListener.populatedRequestContextHolder' -> true, 'org.springframework.test.context.web.ServletTestExecutionListener.resetRequestContextHolder' -> true, 'org.springframework.test.context.event.ApplicationEventsTestExecutionListener.recordApplicationEvents' -> false]]; transaction manager [org.springframework.orm.jpa.JpaTransactionManager@7940b729]; rollback [false]
2023-04-08 17:56:13.200 DEBUG 19432 --- [    Test worker] org.hibernate.SQL                        : 
    insert 
    into
        member
        (user_name) 
    values
        (?)
2023-04-08 17:56:13.220  INFO 19432 --- [    Test worker] p6spy                                    : #1680944173220 | took 4ms | statement | connection 3| url jdbc:mysql://localhost:3306/jpashop
insert into member (user_name) values (?)
insert into member (user_name) values ('MemberA');
class jpabook.jpashop.Member
2023-04-08 17:56:13.388  INFO 19432 --- [    Test worker] p6spy                                    : #1680944173388 | took 1ms | commit | connection 3| url jdbc:mysql://localhost:3306/jpashop

;
2023-04-08 17:56:13.391  INFO 19432 --- [    Test worker] o.s.t.c.transaction.TransactionContext   : Committed transaction for test: [DefaultTestContext@26f143ed testClass = MemberRepositoryTest, testInstance = jpabook.jpashop.MemberRepositoryTest@4c89c98a, testMethod = memberSaveTest@MemberRepositoryTest, testException = [null], mergedContextConfiguration = [WebMergedContextConfiguration@3c1e3314 testClass = MemberRepositoryTest, locations = '{}', classes = '{class jpabook.jpashop.JpashopApplication}', contextInitializerClasses = '[]', activeProfiles = '{}', propertySourceLocations = '{}', propertySourceProperties = '{org.springframework.boot.test.context.SpringBootTestContextBootstrapper=true}', contextCustomizers = set[org.springframework.boot.test.autoconfigure.actuate.metrics.MetricsExportContextCustomizerFactory$DisableMetricExportContextCustomizer@10993713, org.springframework.boot.test.autoconfigure.properties.PropertyMappingContextCustomizer@0, org.springframework.boot.test.autoconfigure.web.servlet.WebDriverContextCustomizerFactory$Customizer@5974109, org.springframework.boot.test.context.filter.ExcludeFilterContextCustomizer@75c9e76b, org.springframework.boot.test.json.DuplicateJsonObjectContextCustomizerFactory$DuplicateJsonObjectContextCustomizer@37b70343, org.springframework.boot.test.mock.mockito.MockitoContextCustomizer@0, org.springframework.boot.test.web.client.TestRestTemplateContextCustomizer@61884cb1, org.springframework.boot.test.context.SpringBootTestArgs@1, org.springframework.boot.test.context.SpringBootTestWebEnvironment@5f20155b], resourceBasePath = 'src/main/webapp', contextLoader = 'org.springframework.boot.test.context.SpringBootContextLoader', parent = [null]], attributes = map['org.springframework.test.context.web.ServletTestExecutionListener.activateListener' -> true, 'org.springframework.test.context.web.ServletTestExecutionListener.populatedRequestContextHolder' -> true, 'org.springframework.test.context.web.ServletTestExecutionListener.resetRequestContextHolder' -> true, 'org.springframework.test.context.event.ApplicationEventsTestExecutionListener.recordApplicationEvents' -> false]]
]]></system-out>
  <system-err><![CDATA[]]></system-err>
</testsuite>
